<?xml version="1.0" encoding="UTF-8"?>
<testng-results skipped="0" failed="0" total="1" passed="1">
  <reporter-output>
  </reporter-output>
  <suite name="Default suite" duration-ms="19185" started-at="2020-11-19T15:44:08Z" finished-at="2020-11-19T15:44:27Z">
    <groups>
    </groups>
    <test name="Default test" duration-ms="19185" started-at="2020-11-19T15:44:08Z" finished-at="2020-11-19T15:44:27Z">
      <class name="TestCases.RegressionTests">
        <test-method status="PASS" signature="setUp(org.testng.ITestResult)[pri:0, instance:TestCases.RegressionTests@7a79be86]" name="setUp" is-config="true" duration-ms="11463" started-at="2020-11-19T21:14:08Z" finished-at="2020-11-19T21:14:19Z">
          <params>
            <param index="0">
              <value>
                <![CDATA[[TestResult name=foo status=SUCCESS method=RegressionTests.foo()[pri:0, instance:TestCases.RegressionTests@7a79be86] output={null}]]]>
              </value>
            </param>
          </params>
          <reporter-output>
          </reporter-output>
        </test-method> <!-- setUp -->
        <test-method status="PASS" signature="foo()[pri:0, instance:TestCases.RegressionTests@7a79be86]" name="foo" duration-ms="6940" started-at="2020-11-19T21:14:19Z" finished-at="2020-11-19T21:14:26Z">
          <reporter-output>
          </reporter-output>
        </test-method> <!-- foo -->
        <test-method status="PASS" signature="tearDown(org.testng.ITestResult)[pri:0, instance:TestCases.RegressionTests@7a79be86]" name="tearDown" is-config="true" duration-ms="752" started-at="2020-11-19T21:14:26Z" finished-at="2020-11-19T21:14:27Z">
          <params>
            <param index="0">
              <value>
                <![CDATA[[TestResult name=foo status=SUCCESS method=RegressionTests.foo()[pri:0, instance:TestCases.RegressionTests@7a79be86] output={null}]]]>
              </value>
            </param>
          </params>
          <reporter-output>
          </reporter-output>
        </test-method> <!-- tearDown -->
      </class> <!-- TestCases.RegressionTests -->
    </test> <!-- Default test -->
  </suite> <!-- Default suite -->
</testng-results>
